2025-09-23 13:14:34,915 - INFO - 차익거래 전략 시작
2025-09-23 13:14:35,179 - ERROR - 전략 실행 중 오류: 'access_token'
2025-09-23 13:14:40,405 - ERROR - 전략 실행 중 오류: 'access_token'
2025-09-23 13:14:45,647 - ERROR - 전략 실행 중 오류: 'access_token'
2025-09-23 13:14:50,817 - ERROR - 전략 실행 중 오류: 'access_token'
2025-09-23 13:15:12,514 - INFO - 차익거래 전략 시작
2025-09-23 13:15:12,669 - ERROR - 전략 실행 중 오류: 'access_token'
2025-09-23 13:15:17,822 - ERROR - 전략 실행 중 오류: 'access_token'
2025-09-23 13:15:23,055 - ERROR - 전략 실행 중 오류: 'access_token'
2025-09-23 13:17:03,256 - INFO - 차익거래 전략 시작
2025-09-23 13:17:03,887 - ERROR - 가격 조회 실패: 006400 - 초당 거래건수를 초과하였습니다.
2025-09-23 13:17:03,887 - ERROR - 가격 조회 실패: 032830 - 초당 거래건수를 초과하였습니다.
2025-09-23 13:17:03,888 - ERROR - 가격 조회 실패: 028260 - 초당 거래건수를 초과하였습니다.
2025-09-23 13:17:03,890 - ERROR - 가격 조회 실패: 207940 - 초당 거래건수를 초과하였습니다.
2025-09-23 13:17:03,891 - ERROR - 가격 조회 실패: 010140 - 초당 거래건수를 초과하였습니다.
2025-09-23 13:17:03,908 - ERROR - 가격 조회 실패: 005930 - 초당 거래건수를 초과하였습니다.
2025-09-23 13:17:03,910 - ERROR - 가격 조회 실패: 029780 - 초당 거래건수를 초과하였습니다.
2025-09-23 13:17:03,911 - ERROR - 가격 조회 실패: 012750 - 초당 거래건수를 초과하였습니다.
2025-09-23 13:17:03,914 - ERROR - 가격 조회 실패: 018260 - 초당 거래건수를 초과하였습니다.
2025-09-23 13:17:04,273 - ERROR - 가격 조회 실패: 016360 - 초당 거래건수를 초과하였습니다.
2025-09-23 13:17:04,275 - ERROR - 가격 조회 실패: 009150 - 초당 거래건수를 초과하였습니다.
2025-09-23 13:17:04,276 - ERROR - 가격 조회 실패: 030000 - 초당 거래건수를 초과하였습니다.
2025-09-23 13:17:04,277 - ERROR - 가격 조회 실패: 000810 - 초당 거래건수를 초과하였습니다.
2025-09-23 13:17:04,278 - ERROR - 가격 조회 실패: 008770 - 초당 거래건수를 초과하였습니다.
2025-09-23 13:17:04,281 - WARNING - 일부 가격 조회 실패
2025-09-23 13:17:05,656 - ERROR - 가격 조회 실패: 032830 - 초당 거래건수를 초과하였습니다.
2025-09-23 13:17:05,682 - ERROR - 가격 조회 실패: 008770 - 초당 거래건수를 초과하였습니다.
2025-09-23 13:17:05,689 - ERROR - 가격 조회 실패: 005930 - 초당 거래건수를 초과하였습니다.
2025-09-23 13:17:05,709 - ERROR - 가격 조회 실패: 028050 - 초당 거래건수를 초과하였습니다.
2025-09-23 13:17:05,713 - ERROR - 가격 조회 실패: 010140 - 초당 거래건수를 초과하였습니다.
2025-09-23 13:17:05,714 - ERROR - 가격 조회 실패: 030000 - 초당 거래건수를 초과하였습니다.
2025-09-23 13:17:05,716 - ERROR - 가격 조회 실패: 009150 - 초당 거래건수를 초과하였습니다.
2025-09-23 13:17:05,717 - ERROR - 가격 조회 실패: 012750 - 초당 거래건수를 초과하였습니다.
2025-09-23 13:17:05,719 - ERROR - 가격 조회 실패: 029780 - 초당 거래건수를 초과하였습니다.
2025-09-23 13:17:05,720 - ERROR - 가격 조회 실패: 207940 - 초당 거래건수를 초과하였습니다.
2025-09-23 13:17:05,722 - ERROR - 가격 조회 실패: 016360 - 초당 거래건수를 초과하였습니다.
2025-09-23 13:17:05,724 - WARNING - 일부 가격 조회 실패
2025-09-23 13:17:07,047 - ERROR - 가격 조회 실패: 028050 - 초당 거래건수를 초과하였습니다.
2025-09-23 13:17:07,049 - ERROR - 가격 조회 실패: 029780 - 초당 거래건수를 초과하였습니다.
2025-09-23 13:17:07,066 - ERROR - 가격 조회 실패: 018260 - 초당 거래건수를 초과하였습니다.
2025-09-23 13:17:07,067 - ERROR - 가격 조회 실패: 010140 - 초당 거래건수를 초과하였습니다.
2025-09-23 13:17:07,069 - ERROR - 가격 조회 실패: 030000 - 초당 거래건수를 초과하였습니다.
2025-09-23 13:17:07,070 - ERROR - 가격 조회 실패: 005930 - 초당 거래건수를 초과하였습니다.
2025-09-23 13:17:07,071 - ERROR - 가격 조회 실패: 028260 - 초당 거래건수를 초과하였습니다.
2025-09-23 13:17:07,072 - ERROR - 가격 조회 실패: 009150 - 초당 거래건수를 초과하였습니다.
2025-09-23 13:17:07,074 - ERROR - 가격 조회 실패: 006400 - 초당 거래건수를 초과하였습니다.
2025-09-23 13:17:07,094 - ERROR - 가격 조회 실패: 012750 - 초당 거래건수를 초과하였습니다.
2025-09-23 13:17:07,098 - ERROR - 가격 조회 실패: 000810 - 초당 거래건수를 초과하였습니다.
2025-09-23 13:17:07,099 - ERROR - 가격 조회 실패: 016360 - 초당 거래건수를 초과하였습니다.
2025-09-23 13:17:07,101 - ERROR - 가격 조회 실패: 032830 - 초당 거래건수를 초과하였습니다.
2025-09-23 13:17:07,104 - ERROR - 가격 조회 실패: 008770 - 초당 거래건수를 초과하였습니다.
2025-09-23 13:17:07,105 - WARNING - 일부 가격 조회 실패
2025-09-23 13:17:08,449 - ERROR - 가격 조회 실패: 008770 - 초당 거래건수를 초과하였습니다.
2025-09-23 13:17:08,470 - ERROR - 가격 조회 실패: 030000 - 초당 거래건수를 초과하였습니다.
2025-09-23 13:17:08,471 - ERROR - 가격 조회 실패: 032830 - 초당 거래건수를 초과하였습니다.
2025-09-23 13:17:08,472 - ERROR - 가격 조회 실패: 010140 - 초당 거래건수를 초과하였습니다.
2025-09-23 13:17:08,474 - ERROR - 가격 조회 실패: 006400 - 초당 거래건수를 초과하였습니다.
2025-09-23 13:17:08,475 - ERROR - 가격 조회 실패: 000810 - 초당 거래건수를 초과하였습니다.
2025-09-23 13:17:08,476 - ERROR - 가격 조회 실패: 207940 - 초당 거래건수를 초과하였습니다.
2025-09-23 13:17:08,477 - ERROR - 가격 조회 실패: 018260 - 초당 거래건수를 초과하였습니다.
2025-09-23 13:17:08,478 - ERROR - 가격 조회 실패: 028260 - 초당 거래건수를 초과하였습니다.
2025-09-23 13:17:08,479 - ERROR - 가격 조회 실패: 005930 - 초당 거래건수를 초과하였습니다.
2025-09-23 13:17:08,481 - ERROR - 가격 조회 실패: 012750 - 초당 거래건수를 초과하였습니다.
2025-09-23 13:17:08,483 - ERROR - 가격 조회 실패: 016360 - 초당 거래건수를 초과하였습니다.
2025-09-23 13:17:08,486 - ERROR - 가격 조회 실패: 029780 - 초당 거래건수를 초과하였습니다.
2025-09-23 13:17:08,487 - ERROR - 가격 조회 실패: 009150 - 초당 거래건수를 초과하였습니다.
2025-09-23 13:17:08,489 - WARNING - 일부 가격 조회 실패
2025-09-23 13:17:09,851 - ERROR - 가격 조회 실패: 000810 - 초당 거래건수를 초과하였습니다.
2025-09-23 13:17:09,854 - ERROR - 가격 조회 실패: 006400 - 초당 거래건수를 초과하였습니다.
2025-09-23 13:17:09,860 - ERROR - 가격 조회 실패: 012750 - 초당 거래건수를 초과하였습니다.
2025-09-23 13:17:09,863 - ERROR - 가격 조회 실패: 005930 - 초당 거래건수를 초과하였습니다.
2025-09-23 13:17:09,866 - ERROR - 가격 조회 실패: 010140 - 초당 거래건수를 초과하였습니다.
2025-09-23 13:17:09,868 - ERROR - 가격 조회 실패: 009150 - 초당 거래건수를 초과하였습니다.
2025-09-23 13:17:09,874 - ERROR - 가격 조회 실패: 029780 - 초당 거래건수를 초과하였습니다.
2025-09-23 13:17:09,878 - ERROR - 가격 조회 실패: 030000 - 초당 거래건수를 초과하였습니다.
2025-09-23 13:17:09,885 - ERROR - 가격 조회 실패: 016360 - 초당 거래건수를 초과하였습니다.
2025-09-23 13:17:09,897 - ERROR - 가격 조회 실패: 018260 - 초당 거래건수를 초과하였습니다.
2025-09-23 13:17:09,899 - ERROR - 가격 조회 실패: 008770 - 초당 거래건수를 초과하였습니다.
2025-09-23 13:17:09,907 - WARNING - 일부 가격 조회 실패
2025-09-23 13:17:11,282 - ERROR - 가격 조회 실패: 028050 - 초당 거래건수를 초과하였습니다.
2025-09-23 13:17:11,286 - ERROR - 가격 조회 실패: 028260 - 초당 거래건수를 초과하였습니다.
2025-09-23 13:17:11,296 - ERROR - 가격 조회 실패: 010140 - 초당 거래건수를 초과하였습니다.
2025-09-23 13:17:11,305 - ERROR - 가격 조회 실패: 009150 - 초당 거래건수를 초과하였습니다.
2025-09-23 13:17:11,307 - ERROR - 가격 조회 실패: 207940 - 초당 거래건수를 초과하였습니다.
2025-09-23 13:17:11,309 - ERROR - 가격 조회 실패: 018260 - 초당 거래건수를 초과하였습니다.
2025-09-23 13:17:11,310 - ERROR - 가격 조회 실패: 008770 - 초당 거래건수를 초과하였습니다.
2025-09-23 13:17:11,337 - ERROR - 가격 조회 실패: 012750 - 초당 거래건수를 초과하였습니다.
2025-09-23 13:17:11,339 - ERROR - 가격 조회 실패: 000810 - 초당 거래건수를 초과하였습니다.
2025-09-23 13:17:11,340 - ERROR - 가격 조회 실패: 030000 - 초당 거래건수를 초과하였습니다.
2025-09-23 13:17:11,341 - ERROR - 가격 조회 실패: 032830 - 초당 거래건수를 초과하였습니다.
2025-09-23 13:17:11,342 - ERROR - 가격 조회 실패: 029780 - 초당 거래건수를 초과하였습니다.
2025-09-23 13:17:11,343 - ERROR - 가격 조회 실패: 005930 - 초당 거래건수를 초과하였습니다.
2025-09-23 13:17:11,346 - ERROR - 가격 조회 실패: 016360 - 초당 거래건수를 초과하였습니다.
2025-09-23 13:17:11,348 - WARNING - 일부 가격 조회 실패
2025-09-23 13:17:12,721 - ERROR - 가격 조회 실패: 006400 - 초당 거래건수를 초과하였습니다.
2025-09-23 13:17:12,723 - ERROR - 가격 조회 실패: 008770 - 초당 거래건수를 초과하였습니다.
2025-09-23 13:17:12,725 - ERROR - 가격 조회 실패: 010140 - 초당 거래건수를 초과하였습니다.
2025-09-23 13:17:12,726 - ERROR - 가격 조회 실패: 028050 - 초당 거래건수를 초과하였습니다.
2025-09-23 13:17:12,742 - ERROR - 가격 조회 실패: 000810 - 초당 거래건수를 초과하였습니다.
2025-09-23 13:17:12,743 - ERROR - 가격 조회 실패: 207940 - 초당 거래건수를 초과하였습니다.
2025-09-23 13:17:12,745 - ERROR - 가격 조회 실패: 029780 - 초당 거래건수를 초과하였습니다.
2025-09-23 13:17:12,746 - ERROR - 가격 조회 실패: 009150 - 초당 거래건수를 초과하였습니다.
2025-09-23 13:17:12,747 - ERROR - 가격 조회 실패: 016360 - 초당 거래건수를 초과하였습니다.
2025-09-23 13:17:12,749 - ERROR - 가격 조회 실패: 030000 - 초당 거래건수를 초과하였습니다.
2025-09-23 13:17:12,777 - ERROR - 가격 조회 실패: 005930 - 초당 거래건수를 초과하였습니다.
2025-09-23 13:17:12,781 - ERROR - 가격 조회 실패: 012750 - 초당 거래건수를 초과하였습니다.
2025-09-23 13:17:12,784 - ERROR - 가격 조회 실패: 018260 - 초당 거래건수를 초과하였습니다.
2025-09-23 13:17:12,788 - WARNING - 일부 가격 조회 실패
2025-09-24 11:32:56,346 - INFO - 차익거래 전략 시작
2025-09-24 11:32:56,346 - INFO - 초기 통계 수집 중...
2025-09-24 11:32:56,584 - ERROR - 다중종목 조회 실패: ERROR INVALID FID_COND_MRKT_DIV_CODE
2025-09-24 11:32:58,623 - ERROR - 다중종목 조회 실패: ERROR INVALID FID_COND_MRKT_DIV_CODE
2025-09-24 11:33:00,658 - ERROR - 다중종목 조회 실패: ERROR INVALID FID_COND_MRKT_DIV_CODE
2025-09-24 11:33:02,729 - ERROR - 다중종목 조회 실패: ERROR INVALID FID_COND_MRKT_DIV_CODE
2025-09-24 11:35:59,946 - INFO - 차익거래 전략 시작
2025-09-24 11:35:59,947 - INFO - 초기 통계 수집 중...
2025-09-24 11:36:00,270 - ERROR - 다중종목 조회 실패: 
2025-09-24 11:36:00,680 - ERROR - 가격 조회 실패: 028050 - 초당 거래건수를 초과하였습니다.
2025-09-24 11:36:00,901 - ERROR - 가격 조회 실패: 006400 - 초당 거래건수를 초과하였습니다.
2025-09-24 11:36:01,577 - ERROR - 가격 조회 실패: 032830 - 초당 거래건수를 초과하였습니다.
2025-09-24 11:36:01,757 - ERROR - 가격 조회 실패: 018260 - 초당 거래건수를 초과하였습니다.
2025-09-24 11:36:01,968 - ERROR - 가격 조회 실패: 009150 - 초당 거래건수를 초과하였습니다.
2025-09-24 11:36:02,608 - ERROR - 가격 조회 실패: 016360 - 초당 거래건수를 초과하였습니다.
2025-09-24 11:36:02,819 - ERROR - 가격 조회 실패: 029780 - 초당 거래건수를 초과하였습니다.
2025-09-24 11:36:03,043 - ERROR - 가격 조회 실패: 000810 - 초당 거래건수를 초과하였습니다.
2025-09-24 11:36:03,678 - ERROR - 가격 조회 실패: 008770 - 초당 거래건수를 초과하였습니다.
2025-09-24 11:36:03,782 - INFO - 통계 수집: 스프레드 -99.9993%
2025-09-24 11:36:05,829 - ERROR - 다중종목 조회 실패: 
2025-09-24 11:40:11,981 - INFO - 차익거래 전략 시작
2025-09-24 11:40:11,981 - INFO - 초기 통계 수집 중...
2025-09-24 11:40:12,232 - ERROR - 다중종목 조회 실패: 
2025-09-24 11:40:12,640 - ERROR - 가격 조회 실패: 028050 - 초당 거래건수를 초과하였습니다.
2025-09-24 11:40:12,856 - ERROR - 가격 조회 실패: 006400 - 초당 거래건수를 초과하였습니다.
2025-09-24 11:40:13,062 - ERROR - 가격 조회 실패: 028260 - 초당 거래건수를 초과하였습니다.
2025-09-24 11:40:13,695 - ERROR - 가격 조회 실패: 018260 - 초당 거래건수를 초과하였습니다.
2025-09-24 11:40:13,903 - ERROR - 가격 조회 실패: 009150 - 초당 거래건수를 초과하였습니다.
2025-09-24 11:46:49,509 - INFO - 차익거래 전략 시작 (웹소켓 모드)
2025-09-24 11:46:49,560 - INFO - 웹소켓 접속키 발급 완료: af66e45a-7...
2025-09-24 11:46:49,829 - INFO - 웹소켓 연결 성공: ws://ops.koreainvestment.com:31000
2025-09-24 11:46:49,830 - INFO - 종목 구독: 371160
2025-09-24 11:46:49,939 - INFO - 종목 구독: 028050
2025-09-24 11:46:50,047 - INFO - 종목 구독: 006400
2025-09-24 11:46:50,154 - INFO - 종목 구독: 028260
2025-09-24 11:46:50,261 - INFO - 종목 구독: 207940
2025-09-24 11:46:50,369 - INFO - 종목 구독: 032830
2025-09-24 11:46:50,475 - INFO - 종목 구독: 018260
2025-09-24 11:46:50,584 - INFO - 종목 구독: 009150
2025-09-24 11:46:50,692 - INFO - 종목 구독: 005930
2025-09-24 11:46:50,801 - INFO - 종목 구독: 010140
2025-09-24 11:46:50,908 - INFO - 종목 구독: 016360
2025-09-24 11:46:51,014 - INFO - 종목 구독: 029780
2025-09-24 11:46:51,122 - INFO - 종목 구독: 000810
2025-09-24 11:46:51,231 - INFO - 종목 구독: 012750
2025-09-24 11:46:51,337 - INFO - 종목 구독: 030000
2025-09-24 11:46:51,444 - INFO - 종목 구독: 008770
2025-09-24 11:46:51,550 - INFO - 실시간 데이터 수신 대기 중...
2025-09-24 11:46:51,551 - ERROR - 웹소켓 수신 오류: invalid literal for int() with base 10: '650^9600^2'
2025-09-24 11:46:52,565 - ERROR - 웹소켓 수신 오류: invalid literal for int() with base 10: '^9625^9630'
2025-09-24 11:46:53,574 - ERROR - 웹소켓 수신 오류: invalid literal for int() with base 10: '650^9600^2'
2025-09-24 11:46:54,578 - ERROR - 웹소켓 수신 오류: invalid literal for int() with base 10: '500^206000'
2025-09-24 11:46:55,585 - ERROR - 웹소켓 수신 오류: invalid literal for int() with base 10: '900^191000'
2025-09-24 11:46:56,595 - ERROR - 웹소켓 수신 오류: invalid literal for int() with base 10: '^9625^9630'
2025-09-24 11:46:57,608 - ERROR - 웹소켓 수신 오류: invalid literal for int() with base 10: '650^84350^'
2025-09-24 11:46:58,616 - ERROR - 웹소켓 수신 오류: invalid literal for int() with base 10: '84800^8490'
2025-09-24 11:46:59,629 - ERROR - 웹소켓 수신 오류: invalid literal for int() with base 10: '500^206000'
2025-09-24 11:47:00,639 - ERROR - 웹소켓 수신 오류: invalid literal for int() with base 10: '100^199200'
2025-09-24 11:47:01,653 - ERROR - 웹소켓 수신 오류: invalid literal for int() with base 10: '650^84300^'
2025-09-24 11:47:02,668 - ERROR - 웹소켓 수신 오류: invalid literal for int() with base 10: '650^21900^'
2025-09-24 11:47:03,681 - ERROR - 웹소켓 수신 오류: invalid literal for int() with base 10: '84800^8490'
2025-09-24 11:47:04,685 - ERROR - 웹소켓 수신 오류: invalid literal for int() with base 10: '22100^2215'
2025-09-24 11:47:05,699 - ERROR - 웹소켓 수신 오류: invalid literal for int() with base 10: '500^206000'
2025-09-24 11:47:06,706 - ERROR - 웹소켓 수신 오류: invalid literal for int() with base 10: '400^164500'
2025-09-24 11:47:07,719 - ERROR - 웹소켓 수신 오류: invalid literal for int() with base 10: '^9625^9630'
2025-09-24 11:47:08,727 - ERROR - 웹소켓 수신 오류: invalid literal for int() with base 10: '651^452000'
2025-09-24 11:47:09,741 - ERROR - 웹소켓 수신 오류: invalid literal for int() with base 10: '651^85600^'
2025-09-24 11:47:10,755 - ERROR - 웹소켓 수신 오류: invalid literal for int() with base 10: '651^190500'
2025-09-24 11:47:11,769 - ERROR - 웹소켓 수신 오류: invalid literal for int() with base 10: '84800^8490'
2025-09-24 11:47:12,779 - ERROR - 웹소켓 수신 오류: invalid literal for int() with base 10: '400^164500'
2025-09-24 11:47:13,780 - ERROR - 웹소켓 수신 오류: invalid literal for int() with base 10: '900^191000'
2025-09-24 11:47:14,782 - ERROR - 웹소켓 수신 오류: invalid literal for int() with base 10: '^9625^9630'
2025-09-24 11:47:15,791 - ERROR - 웹소켓 수신 오류: invalid literal for int() with base 10: '86100^8620'
2025-09-24 11:47:16,802 - ERROR - 웹소켓 수신 오류: invalid literal for int() with base 10: '651^84300^'
2025-09-24 11:47:17,818 - ERROR - 웹소켓 수신 오류: invalid literal for int() with base 10: '651^21900^'
2025-09-24 11:47:18,826 - ERROR - 웹소켓 수신 오류: invalid literal for int() with base 10: '651^152900'
2025-09-24 11:47:19,838 - ERROR - 웹소켓 수신 오류: invalid literal for int() with base 10: '22100^2215'
2025-09-24 11:47:20,851 - ERROR - 웹소켓 수신 오류: invalid literal for int() with base 10: '300^153500'
2025-09-24 11:47:21,863 - ERROR - 초기 데이터 수신 실패
2025-09-24 11:47:21,864 - ERROR - 초기 데이터 수신 실패, 전략 중단
2025-09-24 11:47:21,865 - ERROR - 웹소켓 수신 오류: invalid literal for int() with base 10: '000^454500'
2025-09-24 11:47:22,877 - ERROR - 웹소켓 수신 오류: invalid literal for int() with base 10: '^9630^9635'
2025-09-24 11:47:23,891 - ERROR - 웹소켓 수신 오류: invalid literal for int() with base 10: '651^27800^'
2025-09-24 11:47:24,897 - ERROR - 웹소켓 수신 오류: invalid literal for int() with base 10: '651^190500'
2025-09-24 11:47:25,908 - ERROR - 웹소켓 수신 오류: invalid literal for int() with base 10: '84800^8490'
2025-09-24 11:47:26,911 - ERROR - 웹소켓 수신 오류: invalid literal for int() with base 10: '400^164500'
2025-09-24 11:47:27,924 - ERROR - 웹소켓 수신 오류: invalid literal for int() with base 10: '900^191000'
2025-09-24 11:47:28,934 - ERROR - 웹소켓 수신 오류: invalid literal for int() with base 10: '28000^2805'
2025-09-24 11:47:29,946 - ERROR - 웹소켓 수신 오류: invalid literal for int() with base 10: '^9625^9630'
2025-09-24 11:47:30,955 - ERROR - 웹소켓 수신 오류: invalid literal for int() with base 10: '500^206000'
2025-09-24 11:47:31,874 - INFO - 웹소켓 연결 종료
2025-09-24 11:49:28,409 - INFO - 차익거래 전략 시작 (웹소켓 모드)
2025-09-24 11:49:28,449 - INFO - 웹소켓 접속키 발급 완료: 8512abb7-0...
2025-09-24 11:49:28,476 - INFO - 웹소켓 연결 성공: ws://ops.koreainvestment.com:31000
2025-09-24 11:49:28,477 - INFO - 종목 구독: 371160
2025-09-24 11:49:28,589 - INFO - 종목 구독: 028050
2025-09-24 11:49:28,697 - INFO - 종목 구독: 006400
2025-09-24 11:49:28,804 - INFO - 종목 구독: 028260
2025-09-24 11:49:28,911 - INFO - 종목 구독: 207940
2025-09-24 11:49:29,017 - INFO - 종목 구독: 032830
2025-09-24 11:49:29,125 - INFO - 종목 구독: 018260
2025-09-24 11:49:29,233 - INFO - 종목 구독: 009150
2025-09-24 11:49:29,341 - INFO - 종목 구독: 005930
2025-09-24 11:49:29,449 - INFO - 종목 구독: 010140
2025-09-24 11:49:29,557 - INFO - 종목 구독: 016360
2025-09-24 11:49:29,665 - INFO - 종목 구독: 029780
2025-09-24 11:49:29,773 - INFO - 종목 구독: 000810
2025-09-24 11:49:29,879 - INFO - 종목 구독: 012750
2025-09-24 11:49:29,988 - INFO - 종목 구독: 030000
2025-09-24 11:49:30,094 - INFO - 종목 구독: 008770
2025-09-24 11:49:30,200 - INFO - 실시간 데이터 수신 대기 중...
2025-09-24 11:49:31,211 - INFO - 실시간 데이터 수신 완료: 33개 가격
2025-09-24 11:49:31,212 - INFO - 초기 통계 수집 중...
2025-09-24 11:49:36,294 - INFO - 통계 수집 [11/50]: 스프레드 -99.9995%
2025-09-24 11:49:41,373 - INFO - 통계 수집 [21/50]: 스프레드 -99.9995%
2025-09-24 11:49:46,454 - INFO - 통계 수집 [31/50]: 스프레드 -99.9995%
2025-09-24 11:49:51,531 - INFO - 통계 수집 [41/50]: 스프레드 -99.9995%
2025-09-24 11:49:56,610 - INFO - 통계 수집 완료 - 평균: -99.9995%, 표준편차: 0.0000%
2025-09-24 11:49:59,090 - INFO - 진입 신호: ETF 과소평가 (Z-score: -2.02)
2025-09-24 11:49:59,091 - INFO - 포지션 진입: LONG_ETF_SHORT_BASKET
2025-09-24 11:49:59,257 - INFO - 매수 주문 성공: 371160 2081주
2025-09-24 11:49:59,258 - ERROR - 전략 실행 중 오류: 'ORD_NO'
2025-09-24 11:49:59,265 - WARNING - 웹소켓 연결 종료, 재연결 시도... (1/5)
2025-09-24 11:49:59,266 - INFO - 웹소켓 연결 종료
2025-09-24 11:49:59,266 - INFO - 전략 종료
